Creating network "gitlab_default" with the default driver
Creating volume "gitlab_gitlab-config" with local driver
Creating volume "gitlab_gitlab-data" with local driver
Pulling gitlab (gitlab/gitlab-ce:13.10.2-ce.0)...
Pulling runner1 (gitlab/gitlab-runner:v13.10.0)...
Creating gitlab_gitlab_1 ... 
Creating gitlab_runner1_1 ... 
[1A[2KCreating gitlab_runner1_1 ... [32mdone[0m[1B[2A[2KCreating gitlab_gitlab_1  ... [32mdone[0m[2BStarting Chef Infra Client, version 15.14.0[0m
resolving cookbooks for run list: ["gitlab"][0m
Synchronizing Cookbooks:[0m
  - gitlab (0.0.1)[0m
  - package (0.1.0)[0m
  - logrotate (0.1.0)[0m
  - redis (0.1.0)[0m
  - postgresql (0.1.0)[0m
  - monitoring (0.1.0)[0m
  - registry (0.1.0)[0m
  - mattermost (0.1.0)[0m
  - gitaly (0.1.0)[0m
  - consul (0.1.0)[0m
  - praefect (0.1.0)[0m
  - gitlab-kas (0.1.0)[0m
  - gitlab-pages (0.1.0)[0m
  - nginx (0.1.0)[0m
  - letsencrypt (0.1.0)[0m
  - runit (5.1.3)[0m
  - acme (4.1.1)[0m
  - crond (0.1.0)[0m
Installing Cookbook Gems:[0m
Compiling Cookbooks...[0m
Recipe: gitlab::default[0m
  * directory[/etc/gitlab] action create (up to date)
  Converging 266 resources[0m
  * directory[/etc/gitlab] action create (up to date)
  * directory[Create /var/opt/gitlab] action create (up to date)
  * directory[Create /var/log/gitlab] action create (up to date)
  * directory[/opt/gitlab/embedded/etc] action create (up to date)
  * template[/opt/gitlab/embedded/etc/gitconfig] action create (up to date)
Recipe: gitlab::web-server[0m
  * account[Webserver user and group] action create (up to date)
Recipe: gitlab::users[0m
  * directory[/var/opt/gitlab] action create (up to date)
  * account[GitLab user and group] action create (up to date)
  * template[/var/opt/gitlab/.gitconfig] action create
    [32m- update content in file /var/opt/gitlab/.gitconfig from d1113f to b22c55[0m
    [37m--- /var/opt/gitlab/.gitconfig	2023-09-13 18:38:51.036000000 +0000[0m
    [37m+++ /var/opt/gitlab/.chef-.gitconfig20230913-1289-1gm4uod.gitconfig	2023-09-13 18:43:17.276000000 +0000[0m
    [37m@@ -4,7 +4,7 @@[0m
    [37m [0m
    [37m [user][0m
    [37m         name = GitLab[0m
    [37m-        email = gitlab@gitlab[0m
    [37m+        email = gitlab@10.82.145.245[0m
    [37m [core][0m
    [37m         autocrlf = input[0m
    [37m         alternateRefsCommand="exit 0 #"[0m
[0m  * directory[/var/opt/gitlab/.bundle] action create (up to date)
Recipe: gitlab::gitlab-shell[0m
  * storage_directory[/var/opt/gitlab/.ssh] action create
    * ruby_block[directory resource: /var/opt/gitlab/.ssh] action run (skipped due to not_if)
     (up to date)
  * directory[/var/log/gitlab/gitlab-shell/] action create (up to date)
  * directory[/var/opt/gitlab/gitlab-shell] action create (up to date)
  * templatesymlink[Create a config.yml and create a symlink to Rails root] action create
    * template[/var/opt/gitlab/gitlab-shell/config.yml] action create (up to date)
    * link[Link /opt/gitlab/embedded/service/gitlab-shell/config.yml to /var/opt/gitlab/gitlab-shell/config.yml] action create (up to date)
     (up to date)
  * link[/opt/gitlab/embedded/service/gitlab-shell/.gitlab_shell_secret] action create (up to date)
  * file[/var/opt/gitlab/.ssh/authorized_keys] action create_if_missing (up to date)
Recipe: gitlab::gitlab-rails[0m
  * storage_directory[/var/opt/gitlab/git-data] action create
    * ruby_block[directory resource: /var/opt/gitlab/git-data] action run (skipped due to not_if)
     (up to date)
  * storage_directory[/var/opt/gitlab/git-data/repositories] action create
    * ruby_block[directory resource: /var/opt/gitlab/git-data/repositories] action run (skipped due to not_if)
     (up to date)
Recipe: gitlab::rails_pages_shared_path[0m
  * storage_directory[/var/opt/gitlab/gitlab-rails/shared] action create
    * ruby_block[directory resource: /var/opt/gitlab/gitlab-rails/shared] action run (skipped due to not_if)
     (up to date)
  * storage_directory[/var/opt/gitlab/gitlab-rails/shared/pages] action create
    * ruby_block[directory resource: /var/opt/gitlab/gitlab-rails/shared/pages] action run (skipped due to not_if)
     (up to date)
Recipe: gitlab::gitlab-rails[0m
  * storage_directory[/var/opt/gitlab/gitlab-rails/shared/artifacts] action create
    * ruby_block[directory resource: /var/opt/gitlab/gitlab-rails/shared/artifacts] action run (skipped due to not_if)
     (up to date)
  * storage_directory[/var/opt/gitlab/gitlab-rails/shared/external-diffs] action create
    * ruby_block[directory resource: /var/opt/gitlab/gitlab-rails/shared/external-diffs] action run (skipped due to not_if)
     (up to date)
  * storage_directory[/var/opt/gitlab/gitlab-rails/shared/lfs-objects] action create
    * ruby_block[directory resource: /var/opt/gitlab/gitlab-rails/shared/lfs-objects] action run (skipped due to not_if)
     (up to date)
  * storage_directory[/var/opt/gitlab/gitlab-rails/shared/packages] action create
    * ruby_block[directory resource: /var/opt/gitlab/gitlab-rails/shared/packages] action run (skipped due to not_if)
     (up to date)
  * storage_directory[/var/opt/gitlab/gitlab-rails/shared/dependency_proxy] action create
    * ruby_block[directory resource: /var/opt/gitlab/gitlab-rails/shared/dependency_proxy] action run (skipped due to not_if)
     (up to date)
  * storage_directory[/var/opt/gitlab/gitlab-rails/shared/terraform_state] action create
    * ruby_block[directory resource: /var/opt/gitlab/gitlab-rails/shared/terraform_state] action run (skipped due to not_if)
     (up to date)
  * storage_directory[/var/opt/gitlab/gitlab-rails/shared/encrypted_settings] action create
    * ruby_block[directory resource: /var/opt/gitlab/gitlab-rails/shared/encrypted_settings] action run (skipped due to not_if)
     (up to date)
  * storage_directory[/var/opt/gitlab/gitlab-rails/uploads] action create
    * ruby_block[directory resource: /var/opt/gitlab/gitlab-rails/uploads] action run (skipped due to not_if)
     (up to date)
  * storage_directory[/var/opt/gitlab/gitlab-ci/builds] action create
    * ruby_block[directory resource: /var/opt/gitlab/gitlab-ci/builds] action run (skipped due to not_if)
     (up to date)
  * storage_directory[/var/opt/gitlab/gitlab-rails/shared/cache] action create
    * ruby_block[directory resource: /var/opt/gitlab/gitlab-rails/shared/cache] action run (skipped due to not_if)
     (up to date)
  * storage_directory[/var/opt/gitlab/gitlab-rails/shared/tmp] action create
    * ruby_block[directory resource: /var/opt/gitlab/gitlab-rails/shared/tmp] action run (skipped due to not_if)
     (up to date)
  * storage_directory[/opt/gitlab/embedded/service/gitlab-rails/public] action create (skipped due to only_if)
  * directory[create /var/opt/gitlab/gitlab-rails/etc] action create (up to date)
  * directory[create /opt/gitlab/etc/gitlab-rails] action create (up to date)
  * directory[create /var/opt/gitlab/gitlab-rails/working] action create (up to date)
  * directory[create /var/opt/gitlab/gitlab-rails/tmp] action create (up to date)
  * directory[create /var/opt/gitlab/gitlab-rails/upgrade-status] action create (up to date)
  * directory[create /var/log/gitlab/gitlab-rails] action create (up to date)
  * storage_directory[/var/opt/gitlab/backups] action create
    * ruby_block[directory resource: /var/opt/gitlab/backups] action run (skipped due to not_if)
     (up to date)
  * directory[/var/opt/gitlab/gitlab-rails] action create (up to date)
  * directory[/var/opt/gitlab/gitlab-ci] action create (up to date)
  * file[/var/opt/gitlab/gitlab-rails/etc/gitlab-registry.key] action create (skipped due to only_if)
  * template[/opt/gitlab/etc/gitlab-rails/gitlab-rails-rc] action create (up to date)
  * file[/opt/gitlab/embedded/service/gitlab-rails/.secret] action delete (up to date)
  * file[/var/opt/gitlab/gitlab-rails/etc/secret] action delete (up to date)
  * templatesymlink[Create a database.yml and create a symlink to Rails root] action create
    * template[/var/opt/gitlab/gitlab-rails/etc/database.yml] action create (up to date)
    * link[Link /opt/gitlab/embedded/service/gitlab-rails/config/database.yml to /var/opt/gitlab/gitlab-rails/etc/database.yml] action create (up to date)
     (up to date)
  * templatesymlink[Create a secrets.yml and create a symlink to Rails root] action create
    * template[/var/opt/gitlab/gitlab-rails/etc/secrets.yml] action create (up to date)
    * link[Link /opt/gitlab/embedded/service/gitlab-rails/config/secrets.yml to /var/opt/gitlab/gitlab-rails/etc/secrets.yml] action create (up to date)
     (up to date)
  * templatesymlink[Create a resque.yml and create a symlink to Rails root] action create
    * template[/var/opt/gitlab/gitlab-rails/etc/resque.yml] action create (up to date)
    * link[Link /opt/gitlab/embedded/service/gitlab-rails/config/resque.yml to /var/opt/gitlab/gitlab-rails/etc/resque.yml] action create (up to date)
     (up to date)
  * templatesymlink[Create a cable.yml and create a symlink to Rails root] action create
    * template[/var/opt/gitlab/gitlab-rails/etc/cable.yml] action create (up to date)
    * link[Link /opt/gitlab/embedded/service/gitlab-rails/config/cable.yml to /var/opt/gitlab/gitlab-rails/etc/cable.yml] action create (up to date)
     (up to date)
  * templatesymlink[Create a redis.cache.yml and create a symlink to Rails root] action create (skipped due to not_if)
  * file[/opt/gitlab/embedded/service/gitlab-rails/config/redis.cache.yml] action delete (up to date)
  * file[/var/opt/gitlab/gitlab-rails/etc/redis.cache.yml] action delete (up to date)
  * templatesymlink[Create a redis.queues.yml and create a symlink to Rails root] action create (skipped due to not_if)
  * file[/opt/gitlab/embedded/service/gitlab-rails/config/redis.queues.yml] action delete (up to date)
  * file[/var/opt/gitlab/gitlab-rails/etc/redis.queues.yml] action delete (up to date)
  * templatesymlink[Create a redis.shared_state.yml and create a symlink to Rails root] action create (skipped due to not_if)
  * file[/opt/gitlab/embedded/service/gitlab-rails/config/redis.shared_state.yml] action delete (up to date)
  * file[/var/opt/gitlab/gitlab-rails/etc/redis.shared_state.yml] action delete (up to date)
  * templatesymlink[Create a smtp_settings.rb and create a symlink to Rails root] action delete
    * file[/var/opt/gitlab/gitlab-rails/etc/smtp_settings.rb] action delete (up to date)
    * link[/opt/gitlab/embedded/service/gitlab-rails/config/initializers/smtp_settings.rb] action delete (up to date)
     (up to date)
  * templatesymlink[Create a gitlab.yml and create a symlink to Rails root] action create
    * template[/var/opt/gitlab/gitlab-rails/etc/gitlab.yml] action create
      [32m- update content in file /var/opt/gitlab/gitlab-rails/etc/gitlab.yml from 4f3af7 to 2b0acd[0m
      [37m--- /var/opt/gitlab/gitlab-rails/etc/gitlab.yml	2023-09-13 18:38:54.896000000 +0000[0m
      [37m+++ /var/opt/gitlab/gitlab-rails/etc/.chef-gitlab20230913-1289-4qpgtg.yml	2023-09-13 18:43:18.768000000 +0000[0m
      [37m@@ -10,7 +10,7 @@[0m
      [37m   ## GitLab settings[0m
      [37m   gitlab:[0m
      [37m     ## Web server settings (note: host is the FQDN, do not include http://)[0m
      [37m-    host: gitlab[0m
      [37m+    host: 10.82.145.245[0m
      [37m     port: 80[0m
      [37m     https: false[0m
      [37m [0m
      [37m@@ -48,7 +48,7 @@[0m
      [37m     # Uncomment and set to false if you need to disable email sending from GitLab (default: true)[0m
      [37m     email_enabled: [0m
      [37m     # Email address used in the "From" field in mails sent by GitLab[0m
      [37m-    email_from: gitlab@gitlab[0m
      [37m+    email_from: gitlab@10.82.145.245[0m
      [37m     email_display_name: [0m
      [37m     email_reply_to: [0m
      [37m     email_subject_suffix: [0m
[0m    * link[Link /opt/gitlab/embedded/service/gitlab-rails/config/gitlab.yml to /var/opt/gitlab/gitlab-rails/etc/gitlab.yml] action create (up to date)
  
[0m  * templatesymlink[Create a gitlab_workhorse_secret and create a symlink to Rails root] action create
    * template[/var/opt/gitlab/gitlab-rails/etc/gitlab_workhorse_secret] action create (up to date)
    * link[Link /opt/gitlab/embedded/service/gitlab-rails/.gitlab_workhorse_secret to /var/opt/gitlab/gitlab-rails/etc/gitlab_workhorse_secret] action create (up to date)
     (up to date)
  * templatesymlink[Create a gitlab_shell_secret and create a symlink to Rails root] action create
    * template[/var/opt/gitlab/gitlab-rails/etc/gitlab_shell_secret] action create (up to date)
    * link[Link /opt/gitlab/embedded/service/gitlab-rails/.gitlab_shell_secret to /var/opt/gitlab/gitlab-rails/etc/gitlab_shell_secret] action create (up to date)
     (up to date)
  * templatesymlink[Create a gitlab_pages_secret and create a symlink to Rails root] action create
    * template[/var/opt/gitlab/gitlab-rails/etc/gitlab_pages_secret] action create (up to date)
    * link[Link /opt/gitlab/embedded/service/gitlab-rails/.gitlab_pages_secret to /var/opt/gitlab/gitlab-rails/etc/gitlab_pages_secret] action create (up to date)
     (up to date)
  * templatesymlink[Create a gitlab_kas_secret and create a symlink to Rails root] action create
    * template[/var/opt/gitlab/gitlab-rails/etc/gitlab_kas_secret] action create (up to date)
    * link[Link /opt/gitlab/embedded/service/gitlab-rails/.gitlab_kas_secret to /var/opt/gitlab/gitlab-rails/etc/gitlab_kas_secret] action create (up to date)
     (up to date)
  * link[/opt/gitlab/embedded/service/gitlab-rails/config/initializers/relative_url.rb] action delete (up to date)
  * file[/var/opt/gitlab/gitlab-rails/etc/relative_url.rb] action delete (up to date)
  * env_dir[/opt/gitlab/etc/gitlab-rails/env] action create
    * directory[/opt/gitlab/etc/gitlab-rails/env] action create (up to date)
    * file[/opt/gitlab/etc/gitlab-rails/env/HOME] action create (up to date)
    * file[/opt/gitlab/etc/gitlab-rails/env/RAILS_ENV] action create (up to date)
    * file[/opt/gitlab/etc/gitlab-rails/env/LD_PRELOAD] action create (up to date)
    * file[/opt/gitlab/etc/gitlab-rails/env/SIDEKIQ_MEMORY_KILLER_MAX_RSS] action create (up to date)
    * file[/opt/gitlab/etc/gitlab-rails/env/BUNDLE_GEMFILE] action create (up to date)
    * file[/opt/gitlab/etc/gitlab-rails/env/PATH] action create (up to date)
    * file[/opt/gitlab/etc/gitlab-rails/env/ICU_DATA] action create (up to date)
    * file[/opt/gitlab/etc/gitlab-rails/env/PYTHONPATH] action create (up to date)
    * file[/opt/gitlab/etc/gitlab-rails/env/EXECJS_RUNTIME] action create (up to date)
    * file[/opt/gitlab/etc/gitlab-rails/env/TZ] action create (up to date)
     (up to date)
  * link[/opt/gitlab/embedded/service/gitlab-rails/tmp] action create (up to date)
  * link[/opt/gitlab/embedded/service/gitlab-rails/public/uploads] action create (up to date)
  * link[/opt/gitlab/embedded/service/gitlab-rails/log] action create (up to date)
  * link[/var/log/gitlab/gitlab-rails/sidekiq.log] action delete (skipped due to only_if)
  * file[/opt/gitlab/embedded/service/gitlab-rails/db/structure.sql] action create (up to date)
  * remote_file[/var/opt/gitlab/gitlab-rails/VERSION] action create/opt/gitlab/embedded/lib/ruby/gems/2.7.0/gems/chef-15.14.0/lib/chef/provider/remote_file/local_file.rb:43: warning: URI.unescape is obsolete
 (up to date)
  * remote_file[/var/opt/gitlab/gitlab-rails/REVISION] action create/opt/gitlab/embedded/lib/ruby/gems/2.7.0/gems/chef-15.14.0/lib/chef/provider/remote_file/local_file.rb:43: warning: URI.unescape is obsolete
 (up to date)
  * version_file[Create version file for Rails] action create
    * file[/var/opt/gitlab/gitlab-rails/RUBY_VERSION] action create (up to date)
     (up to date)
  * execute[clear the gitlab-rails cache] action nothing (skipped due to action :nothing)
  * file[/var/opt/gitlab/gitlab-rails/config.ru] action delete (up to date)
Recipe: gitlab::selinux[0m
  * bash[Set proper security context on ssh files for selinux] action nothing (skipped due to action :nothing)
Recipe: gitlab::add_trusted_certs[0m
  * directory[/etc/gitlab/trusted-certs] action create (up to date)
  * directory[/opt/gitlab/embedded/ssl/certs] action create (up to date)
  * file[/opt/gitlab/embedded/ssl/certs/README] action create (up to date)
  * ruby_block[Move existing certs and link to /opt/gitlab/embedded/ssl/certs] action run (skipped due to only_if)
Recipe: gitlab::default[0m
  * service[create a temporary unicorn service] action nothing (skipped due to action :nothing)
  * service[create a temporary puma service] action nothing (skipped due to action :nothing)
  * service[create a temporary actioncable service] action nothing (skipped due to action :nothing)
  * service[create a temporary sidekiq service] action nothing (skipped due to action :nothing)
  * service[create a temporary mailroom service] action nothing (skipped due to action :nothing)
Recipe: package::sysctl[0m
  * execute[reload all sysctl conf] action nothing (skipped due to action :nothing)
Recipe: postgresql::bin[0m
  * ruby_block[check_postgresql_version] action run (skipped due to not_if)
  * ruby_block[check_postgresql_version_is_deprecated] action run (skipped due to not_if)
  * ruby_block[Link postgresql bin files to the correct version] action run (skipped due to only_if)
Recipe: redis::enable[0m
  * redis_service[redis] action create
    * account[user and group for redis] action create (up to date)
    * group[Socket group] action create (up to date)
    * directory[/var/opt/gitlab/redis] action create (up to date)
    * directory[/var/log/gitlab/redis] action create (up to date)
    * template[/var/opt/gitlab/redis/redis.conf] action create (up to date)
  Recipe: <Dynamically Defined Resource>[0m
    * service[redis] action nothing (skipped due to action :nothing)
    * runit_service[redis] action enable
      * ruby_block[restart_service] action nothing (skipped due to action :nothing)
      * ruby_block[restart_log_service] action nothing (skipped due to action :nothing)
      * ruby_block[reload_log_service] action nothing (skipped due to action :nothing)
      * directory[/opt/gitlab/sv/redis] action create (up to date)
      * template[/opt/gitlab/sv/redis/run] action create (up to date)
      * directory[/opt/gitlab/sv/redis/log] action create (up to date)
      * directory[/opt/gitlab/sv/redis/log/main] action create (up to date)
      * template[/opt/gitlab/sv/redis/log/config] action create (up to date)
      * ruby_block[verify_chown_persisted_on_redis] action nothing (skipped due to action :nothing)
      * link[/var/log/gitlab/redis/config] action create (up to date)
      * template[/opt/gitlab/sv/redis/log/run] action create (up to date)
      * directory[/opt/gitlab/sv/redis/env] action create (up to date)
      * ruby_block[Delete unmanaged env files for redis service] action run (skipped due to only_if)
      * template[/opt/gitlab/sv/redis/check] action create (skipped due to only_if)
      * template[/opt/gitlab/sv/redis/finish] action create (skipped due to only_if)
      * directory[/opt/gitlab/sv/redis/control] action create (up to date)
      * link[/opt/gitlab/init/redis] action create (up to date)
      * file[/opt/gitlab/sv/redis/down] action nothing (skipped due to action :nothing)
      * directory[/opt/gitlab/service] action create (up to date)
      * link[/opt/gitlab/service/redis] action create (up to date)
      * ruby_block[wait for redis service socket] action run (skipped due to not_if)
       (up to date)
    * ruby_block[warn pending redis restart] action run (skipped due to only_if)
     (up to date)
Recipe: redis::enable[0m
  * template[/opt/gitlab/etc/gitlab-redis-cli-rc] action create (up to date)
Recipe: gitaly::enable[0m
  * directory[/var/opt/gitlab/gitaly] action create (up to date)
  * directory[/var/log/gitlab/gitaly] action create (up to date)
  * directory[/var/opt/gitlab/gitaly/internal_sockets] action create (up to date)
  * env_dir[/opt/gitlab/etc/gitaly/env] action create
    * directory[/opt/gitlab/etc/gitaly/env] action create (up to date)
    * file[/opt/gitlab/etc/gitaly/env/HOME] action create (up to date)
    * file[/opt/gitlab/etc/gitaly/env/PATH] action create (up to date)
    * file[/opt/gitlab/etc/gitaly/env/TZ] action create (up to date)
    * file[/opt/gitlab/etc/gitaly/env/PYTHONPATH] action create (up to date)
    * file[/opt/gitlab/etc/gitaly/env/ICU_DATA] action create (up to date)
    * file[/opt/gitlab/etc/gitaly/env/SSL_CERT_DIR] action create (up to date)
    * file[/opt/gitlab/etc/gitaly/env/GITALY_PID_FILE] action create (up to date)
    * file[/opt/gitlab/etc/gitaly/env/WRAPPER_JSON_LOGGING] action create (up to date)
     (up to date)
  * template[Create Gitaly config.toml] action create (up to date)
  * service[gitaly] action nothing (skipped due to action :nothing)
  * runit_service[gitaly] action enable
    * ruby_block[restart_service] action nothing (skipped due to action :nothing)
    * ruby_block[restart_log_service] action nothing (skipped due to action :nothing)
    * ruby_block[reload_log_service] action nothing (skipped due to action :nothing)
    * directory[/opt/gitlab/sv/gitaly] action create (up to date)
    * template[/opt/gitlab/sv/gitaly/run] action create (up to date)
    * directory[/opt/gitlab/sv/gitaly/log] action create (up to date)
    * directory[/opt/gitlab/sv/gitaly/log/main] action create (up to date)
    * template[/opt/gitlab/sv/gitaly/log/config] action create (up to date)
    * ruby_block[verify_chown_persisted_on_gitaly] action nothing (skipped due to action :nothing)
    * link[/var/log/gitlab/gitaly/config] action create (up to date)
    * template[/opt/gitlab/sv/gitaly/log/run] action create (up to date)
    * directory[/opt/gitlab/sv/gitaly/env] action create (up to date)
    * ruby_block[Delete unmanaged env files for gitaly service] action run (skipped due to only_if)
    * template[/opt/gitlab/sv/gitaly/check] action create (skipped due to only_if)
    * template[/opt/gitlab/sv/gitaly/finish] action create (skipped due to only_if)
    * directory[/opt/gitlab/sv/gitaly/control] action create (up to date)
    * link[/opt/gitlab/init/gitaly] action create (up to date)
    * file[/opt/gitlab/sv/gitaly/down] action nothing (skipped due to action :nothing)
    * directory[/opt/gitlab/service] action create (up to date)
    * link[/opt/gitlab/service/gitaly] action create (up to date)
    * ruby_block[wait for gitaly service socket] action run (skipped due to not_if)
     (up to date)
  * version_file[Create version file for Gitaly] action create
    * file[/var/opt/gitlab/gitaly/VERSION] action create (up to date)
     (up to date)
  * version_file[Create Ruby version file for Gitaly] action create
    * file[/var/opt/gitlab/gitaly/RUBY_VERSION] action create (up to date)
     (up to date)
  * consul_service[gitaly] action delete
    * file[/var/opt/gitlab/consul/config.d/gitaly-service.json] action delete (up to date)
     (up to date)
Recipe: praefect::disable[0m
  * service[praefect] action nothing (skipped due to action :nothing)
  * runit_service[praefect] action disable
    * ruby_block[disable praefect] action run (skipped due to only_if)
     (up to date)
  * consul_service[praefect] action delete
    * file[/var/opt/gitlab/consul/config.d/praefect-service.json] action delete (up to date)
     (up to date)
Recipe: postgresql::user[0m
  * account[Postgresql user and group] action create (up to date)
  * directory[/var/opt/gitlab/postgresql] action create (up to date)
  * file[/var/opt/gitlab/postgresql/.profile] action create (up to date)
Recipe: postgresql::enable[0m
  * directory[/var/opt/gitlab/postgresql] action create (up to date)
  * directory[/var/opt/gitlab/postgresql/data] action create (up to date)
  * directory[/var/log/gitlab/postgresql] action create (up to date)
  * directory[/var/opt/gitlab/postgresql/data] action create (up to date)
  * link[/var/opt/gitlab/postgresql/data] action create (skipped due to not_if)
  * gitlab_sysctl[kernel.shmmax] action create
    * directory[create /etc/sysctl.d for kernel.shmmax] action create (skipped due to only_if)
    * file[create /opt/gitlab/embedded/etc/90-omnibus-gitlab-kernel.shmmax.conf kernel.shmmax] action create (skipped due to only_if)
    * link[/etc/sysctl.d/90-omnibus-gitlab-kernel.shmmax.conf] action create (skipped due to only_if)
    * execute[load sysctl conf kernel.shmmax] action nothing (skipped due to action :nothing)
     (up to date)
  * gitlab_sysctl[kernel.shmall] action create
    * directory[create /etc/sysctl.d for kernel.shmall] action create (skipped due to only_if)
    * file[create /opt/gitlab/embedded/etc/90-omnibus-gitlab-kernel.shmall.conf kernel.shmall] action create (skipped due to only_if)
    * link[/etc/sysctl.d/90-omnibus-gitlab-kernel.shmall.conf] action create (skipped due to only_if)
    * execute[load sysctl conf kernel.shmall] action nothing (skipped due to action :nothing)
     (up to date)
  * gitlab_sysctl[kernel.sem] action create
    * directory[create /etc/sysctl.d for kernel.sem] action create (skipped due to only_if)
    * file[create /opt/gitlab/embedded/etc/90-omnibus-gitlab-kernel.sem.conf kernel.sem] action create (skipped due to only_if)
    * link[/etc/sysctl.d/90-omnibus-gitlab-kernel.sem.conf] action create (skipped due to only_if)
    * execute[load sysctl conf kernel.sem] action nothing (skipped due to action :nothing)
     (up to date)
  * execute[/opt/gitlab/embedded/bin/initdb -D /var/opt/gitlab/postgresql/data -E UTF8] action run (skipped due to not_if)
  * template[/opt/gitlab/etc/gitlab-psql-rc] action create (up to date)
  * file[/var/opt/gitlab/postgresql/data/server.crt] action create (up to date)
  * file[/var/opt/gitlab/postgresql/data/server.key] action create (up to date)
  * postgresql_config[gitlab] action create
    * template[/var/opt/gitlab/postgresql/data/postgresql.conf] action create (up to date)
    * template[/var/opt/gitlab/postgresql/data/runtime.conf] action create (up to date)
    * template[/var/opt/gitlab/postgresql/data/pg_hba.conf] action create (up to date)
    * template[/var/opt/gitlab/postgresql/data/pg_ident.conf] action create (up to date)
     (up to date)
  * service[postgresql] action nothing (skipped due to action :nothing)
  * runit_service[postgresql] action enable
    * ruby_block[restart_service] action nothing (skipped due to action :nothing)
    * ruby_block[restart_log_service] action nothing (skipped due to action :nothing)
    * ruby_block[reload_log_service] action nothing (skipped due to action :nothing)
    * directory[/opt/gitlab/sv/postgresql] action create (up to date)
    * template[/opt/gitlab/sv/postgresql/run] action create (up to date)
    * directory[/opt/gitlab/sv/postgresql/log] action create (up to date)
    * directory[/opt/gitlab/sv/postgresql/log/main] action create (up to date)
    * template[/opt/gitlab/sv/postgresql/log/config] action create (up to date)
    * ruby_block[verify_chown_persisted_on_postgresql] action nothing (skipped due to action :nothing)
    * link[/var/log/gitlab/postgresql/config] action create (up to date)
    * template[/opt/gitlab/sv/postgresql/log/run] action create (up to date)
    * directory[/opt/gitlab/sv/postgresql/env] action create (up to date)
    * ruby_block[Delete unmanaged env files for postgresql service] action run (skipped due to only_if)
    * template[/opt/gitlab/sv/postgresql/check] action create (skipped due to only_if)
    * template[/opt/gitlab/sv/postgresql/finish] action create (skipped due to only_if)
    * directory[/opt/gitlab/sv/postgresql/control] action create (up to date)
    * template[/opt/gitlab/sv/postgresql/control/t] action create (up to date)
    * link[/opt/gitlab/init/postgresql] action create (up to date)
    * file[/opt/gitlab/sv/postgresql/down] action nothing (skipped due to action :nothing)
    * directory[/opt/gitlab/service] action create (up to date)
    * link[/opt/gitlab/service/postgresql] action create (up to date)
    * ruby_block[wait for postgresql service socket] action run (skipped due to not_if)
    * directory[/opt/gitlab/service/postgresql/supervise] action create (up to date)
    * directory[/opt/gitlab/service/postgresql/log/supervise] action create (up to date)
    * file[/opt/gitlab/service/postgresql/supervise/ok] action touch (skipped due to only_if)
    * file[/opt/gitlab/service/postgresql/log/supervise/ok] action touch (skipped due to only_if)
    * file[/opt/gitlab/service/postgresql/supervise/status] action touch (skipped due to only_if)
    * file[/opt/gitlab/service/postgresql/log/supervise/status] action touch (skipped due to only_if)
    * file[/opt/gitlab/service/postgresql/supervise/control] action touch (skipped due to only_if)
    * file[/opt/gitlab/service/postgresql/log/supervise/control] action touch (skipped due to only_if)
     (up to date)
  * database_objects[postgresql] action create
    * postgresql_user[gitlab] action create
      * execute[create gitlab postgresql user] action run (skipped due to not_if)
       (up to date)
    * postgresql_user[gitlab_replicator] action create
      * execute[create gitlab_replicator postgresql user] action run (skipped due to not_if)
      * execute[set options for gitlab_replicator postgresql user] action run (skipped due to not_if)
       (up to date)
    * execute[create gitlabhq_production database] action run (skipped due to only_if)
    * postgresql_extension[pg_trgm] action enable
      * postgresql_query[enable pg_trgm extension] action run (skipped due to only_if)
       (up to date)
    * postgresql_extension[btree_gist] action enable
      * postgresql_query[enable btree_gist extension] action run (skipped due to only_if)
       (up to date)
     (up to date)
  * ruby_block[warn pending postgresql restart] action run (skipped due to only_if)
  * execute[reload postgresql] action nothing (skipped due to action :nothing)
  * execute[start postgresql] action nothing (skipped due to action :nothing)
Recipe: gitlab-kas::disable[0m
  * service[gitlab-kas] action nothing (skipped due to action :nothing)
  * runit_service[gitlab-kas] action disable
    * ruby_block[disable gitlab-kas] action run (skipped due to only_if)
     (up to date)
Recipe: gitlab::database_migrations[0m
  * ruby_block[check remote PG version] action nothing (skipped due to action :nothing)
  * bash[migrate gitlab-rails database] action run (skipped due to not_if)
Recipe: logrotate::folders_and_configs[0m
  * directory[/var/opt/gitlab/logrotate] action create (up to date)
  * directory[/var/opt/gitlab/logrotate/logrotate.d] action create (up to date)
  * directory[/var/log/gitlab/logrotate] action create (up to date)
  * template[/var/opt/gitlab/logrotate/logrotate.conf] action create (up to date)
  * template[/var/opt/gitlab/logrotate/logrotate.d/nginx] action create (up to date)
  * template[/var/opt/gitlab/logrotate/logrotate.d/puma] action create (up to date)
  * template[/var/opt/gitlab/logrotate/logrotate.d/actioncable] action create (up to date)
  * template[/var/opt/gitlab/logrotate/logrotate.d/unicorn] action create (up to date)
  * template[/var/opt/gitlab/logrotate/logrotate.d/gitlab-rails] action create (up to date)
  * template[/var/opt/gitlab/logrotate/logrotate.d/gitlab-shell] action create (up to date)
  * template[/var/opt/gitlab/logrotate/logrotate.d/gitlab-workhorse] action create (up to date)
  * template[/var/opt/gitlab/logrotate/logrotate.d/gitlab-pages] action create (up to date)
  * template[/var/opt/gitlab/logrotate/logrotate.d/gitlab-kas] action create (up to date)
  * template[/var/opt/gitlab/logrotate/logrotate.d/gitaly] action create (up to date)
Recipe: gitlab::unicorn_disable[0m
  * unicorn_service[unicorn] action disable
  Recipe: <Dynamically Defined Resource>[0m
    * service[unicorn] action nothing (skipped due to action :nothing)
    * runit_service[unicorn] action disable
      * ruby_block[disable unicorn] action run (skipped due to only_if)
       (up to date)
     (up to date)
Recipe: gitlab::unicorn_disable[0m
  * consul_service[rails] action delete (skipped due to not_if)
Recipe: gitlab::puma[0m
  * directory[/var/log/gitlab/puma] action create (up to date)
  * directory[/opt/gitlab/var/puma] action create (up to date)
  * directory[/var/opt/gitlab/gitlab-rails/sockets] action create (up to date)
  * puma_config[/var/opt/gitlab/gitlab-rails/etc/puma.rb] action create
    * directory[/var/opt/gitlab/gitlab-rails/etc] action create (up to date)
    * template[/var/opt/gitlab/gitlab-rails/etc/puma.rb] action create (up to date)
     (up to date)
  * service[puma] action nothing (skipped due to action :nothing)
  * runit_service[puma] action enable
    * ruby_block[restart_service] action nothing (skipped due to action :nothing)
    * ruby_block[restart_log_service] action nothing (skipped due to action :nothing)
    * ruby_block[reload_log_service] action nothing (skipped due to action :nothing)
    * directory[/opt/gitlab/sv/puma] action create (up to date)
    * template[/opt/gitlab/sv/puma/run] action create (up to date)
    * directory[/opt/gitlab/sv/puma/log] action create (up to date)
    * directory[/opt/gitlab/sv/puma/log/main] action create (up to date)
    * template[/opt/gitlab/sv/puma/log/config] action create (up to date)
    * ruby_block[verify_chown_persisted_on_puma] action nothing (skipped due to action :nothing)
    * link[/var/log/gitlab/puma/config] action create (up to date)
    * template[/opt/gitlab/sv/puma/log/run] action create (up to date)
    * directory[/opt/gitlab/sv/puma/env] action create (up to date)
    * ruby_block[Delete unmanaged env files for puma service] action run (skipped due to only_if)
    * template[/opt/gitlab/sv/puma/check] action create (skipped due to only_if)
    * template[/opt/gitlab/sv/puma/finish] action create (skipped due to only_if)
    * directory[/opt/gitlab/sv/puma/control] action create (up to date)
    * template[/opt/gitlab/sv/puma/control/t] action create (up to date)
    * template[/opt/gitlab/sv/puma/control/h] action create (up to date)
    * link[/opt/gitlab/init/puma] action create (up to date)
    * file[/opt/gitlab/sv/puma/down] action nothing (skipped due to action :nothing)
    * directory[/opt/gitlab/service] action create (up to date)
    * link[/opt/gitlab/service/puma] action create (up to date)
    * ruby_block[wait for puma service socket] action run (skipped due to not_if)
     (up to date)
  * runit_service[puma] action enable
    * ruby_block[restart_service] action nothing (skipped due to action :nothing)
    * ruby_block[restart_log_service] action nothing (skipped due to action :nothing)
    * ruby_block[reload_log_service] action nothing (skipped due to action :nothing)
    * directory[/opt/gitlab/sv/puma] action create (up to date)
    * template[/opt/gitlab/sv/puma/run] action create (up to date)
    * directory[/opt/gitlab/sv/puma/log] action create (up to date)
    * directory[/opt/gitlab/sv/puma/log/main] action create (up to date)
    * template[/opt/gitlab/sv/puma/log/config] action create (up to date)
    * ruby_block[verify_chown_persisted_on_puma] action nothing (skipped due to action :nothing)
    * link[/var/log/gitlab/puma/config] action create (up to date)
    * template[/opt/gitlab/sv/puma/log/run] action create (up to date)
    * directory[/opt/gitlab/sv/puma/env] action create (up to date)
    * ruby_block[Delete unmanaged env files for puma service] action run (skipped due to only_if)
    * template[/opt/gitlab/sv/puma/check] action create (skipped due to only_if)
    * template[/opt/gitlab/sv/puma/finish] action create (skipped due to only_if)
    * directory[/opt/gitlab/sv/puma/control] action create (up to date)
    * template[/opt/gitlab/sv/puma/control/t] action create (up to date)
    * template[/opt/gitlab/sv/puma/control/h] action create (up to date)
    * link[/opt/gitlab/init/puma] action create (up to date)
    * file[/opt/gitlab/sv/puma/down] action nothing (skipped due to action :nothing)
    * directory[/opt/gitlab/service] action create (up to date)
    * link[/opt/gitlab/service/puma] action create (up to date)
    * ruby_block[wait for puma service socket] action run (skipped due to not_if)
     (up to date)
  * consul_service[rails] action delete
    * file[/var/opt/gitlab/consul/config.d/rails-service.json] action delete (up to date)
     (up to date)
  * gitlab_sysctl[net.core.somaxconn] action create
    * directory[create /etc/sysctl.d for net.core.somaxconn] action create (skipped due to only_if)
    * file[create /opt/gitlab/embedded/etc/90-omnibus-gitlab-net.core.somaxconn.conf net.core.somaxconn] action create (skipped due to only_if)
    * link[/etc/sysctl.d/90-omnibus-gitlab-net.core.somaxconn.conf] action create (skipped due to only_if)
    * execute[load sysctl conf net.core.somaxconn] action nothing (skipped due to action :nothing)
     (up to date)
Recipe: gitlab::sidekiq-cluster[0m
  * sidekiq_service[sidekiq] action enable
    * directory[/var/log/gitlab/sidekiq] action create (up to date)
  Recipe: <Dynamically Defined Resource>[0m
    * service[sidekiq] action nothing (skipped due to action :nothing)
    * runit_service[sidekiq] action enable
      * ruby_block[restart_service] action nothing (skipped due to action :nothing)
      * ruby_block[restart_log_service] action nothing (skipped due to action :nothing)
      * ruby_block[reload_log_service] action nothing (skipped due to action :nothing)
      * directory[/opt/gitlab/sv/sidekiq] action create (up to date)
      * template[/opt/gitlab/sv/sidekiq/run] action create (up to date)
      * directory[/opt/gitlab/sv/sidekiq/log] action create (up to date)
      * directory[/opt/gitlab/sv/sidekiq/log/main] action create (up to date)
      * template[/opt/gitlab/sv/sidekiq/log/config] action create (up to date)
      * ruby_block[verify_chown_persisted_on_sidekiq] action nothing (skipped due to action :nothing)
      * link[/var/log/gitlab/sidekiq/config] action create (up to date)
      * template[/opt/gitlab/sv/sidekiq/log/run] action create (up to date)
      * directory[/opt/gitlab/sv/sidekiq/env] action create (up to date)
      * ruby_block[Delete unmanaged env files for sidekiq service] action run (skipped due to only_if)
      * template[/opt/gitlab/sv/sidekiq/check] action create (skipped due to only_if)
      * template[/opt/gitlab/sv/sidekiq/finish] action create (skipped due to only_if)
      * directory[/opt/gitlab/sv/sidekiq/control] action create (up to date)
      * link[/opt/gitlab/init/sidekiq] action create (up to date)
      * file[/opt/gitlab/sv/sidekiq/down] action nothing (skipped due to action :nothing)
      * directory[/opt/gitlab/service] action create (up to date)
      * link[/opt/gitlab/service/sidekiq] action create (up to date)
      * ruby_block[wait for sidekiq service socket] action run (skipped due to not_if)
       (up to date)
     (up to date)
Recipe: gitlab::sidekiq-cluster[0m
  * consul_service[sidekiq] action delete
    * file[/var/opt/gitlab/consul/config.d/sidekiq-service.json] action delete (up to date)
     (up to date)
  * service[sidekiq-cluster] action nothing (skipped due to action :nothing)
  * runit_service[sidekiq-cluster] action disable
    * ruby_block[disable sidekiq-cluster] action run (skipped due to only_if)
     (up to date)
Recipe: gitlab::gitlab-workhorse[0m
  * directory[/var/opt/gitlab/gitlab-workhorse] action create (up to date)
  * directory[/var/opt/gitlab/gitlab-workhorse/sockets] action create (up to date)
  * directory[/var/log/gitlab/gitlab-workhorse] action create (up to date)
  * directory[/opt/gitlab/etc/gitlab-workhorse] action create (up to date)
  * env_dir[/opt/gitlab/etc/gitlab-workhorse/env] action create
    * directory[/opt/gitlab/etc/gitlab-workhorse/env] action create (up to date)
    * file[/opt/gitlab/etc/gitlab-workhorse/env/PATH] action create (up to date)
    * file[/opt/gitlab/etc/gitlab-workhorse/env/HOME] action create (up to date)
    * file[/opt/gitlab/etc/gitlab-workhorse/env/SSL_CERT_DIR] action create (up to date)
     (up to date)
  * service[gitlab-workhorse] action nothing (skipped due to action :nothing)
  * runit_service[gitlab-workhorse] action enable
    * ruby_block[restart_service] action nothing (skipped due to action :nothing)
    * ruby_block[restart_log_service] action nothing (skipped due to action :nothing)
    * ruby_block[reload_log_service] action nothing (skipped due to action :nothing)
    * directory[/opt/gitlab/sv/gitlab-workhorse] action create (up to date)
    * template[/opt/gitlab/sv/gitlab-workhorse/run] action create (up to date)
    * directory[/opt/gitlab/sv/gitlab-workhorse/log] action create (up to date)
    * directory[/opt/gitlab/sv/gitlab-workhorse/log/main] action create (up to date)
    * template[/opt/gitlab/sv/gitlab-workhorse/log/config] action create (up to date)
    * ruby_block[verify_chown_persisted_on_gitlab-workhorse] action nothing (skipped due to action :nothing)
    * link[/var/log/gitlab/gitlab-workhorse/config] action create (up to date)
    * template[/opt/gitlab/sv/gitlab-workhorse/log/run] action create (up to date)
    * directory[/opt/gitlab/sv/gitlab-workhorse/env] action create (up to date)
    * ruby_block[Delete unmanaged env files for gitlab-workhorse service] action run (skipped due to only_if)
    * template[/opt/gitlab/sv/gitlab-workhorse/check] action create (skipped due to only_if)
    * template[/opt/gitlab/sv/gitlab-workhorse/finish] action create (skipped due to only_if)
    * directory[/opt/gitlab/sv/gitlab-workhorse/control] action create (up to date)
    * link[/opt/gitlab/init/gitlab-workhorse] action create (up to date)
    * file[/opt/gitlab/sv/gitlab-workhorse/down] action nothing (skipped due to action :nothing)
    * directory[/opt/gitlab/service] action create (up to date)
    * link[/opt/gitlab/service/gitlab-workhorse] action create (up to date)
    * ruby_block[wait for gitlab-workhorse service socket] action run (skipped due to not_if)
     (up to date)
  * consul_service[workhorse] action delete
    * file[/var/opt/gitlab/consul/config.d/workhorse-service.json] action delete (up to date)
     (up to date)
  * version_file[Create version file for Workhorse] action create
    * file[/var/opt/gitlab/gitlab-workhorse/VERSION] action create (up to date)
     (up to date)
  * template[/var/opt/gitlab/gitlab-workhorse/config.toml] action create (up to date)
Recipe: gitlab::mailroom_disable[0m
  * service[mailroom] action nothing (skipped due to action :nothing)
  * runit_service[mailroom] action disable
    * ruby_block[disable mailroom] action run (skipped due to only_if)
     (up to date)
Recipe: gitlab::nginx[0m
  * directory[/var/opt/gitlab/nginx] action create (up to date)
  * directory[/var/opt/gitlab/nginx/conf] action create (up to date)
  * directory[/var/log/gitlab/nginx] action create (up to date)
  * link[/var/opt/gitlab/nginx/logs] action create (up to date)
  * template[/var/opt/gitlab/nginx/conf/gitlab-http.conf] action create
    [32m- update content in file /var/opt/gitlab/nginx/conf/gitlab-http.conf from b08e2f to 5c71d1[0m
    [37m--- /var/opt/gitlab/nginx/conf/gitlab-http.conf	2023-09-13 18:40:49.144000000 +0000[0m
    [37m+++ /var/opt/gitlab/nginx/conf/.chef-gitlab-http20230913-1289-qgpjxb.conf	2023-09-13 18:43:22.288000000 +0000[0m
    [37m@@ -35,7 +35,7 @@[0m
    [37m   listen *:80;[0m
    [37m [0m
    [37m [0m
    [37m-  server_name gitlab;[0m
    [37m+  server_name 10.82.145.245;[0m
    [37m   server_tokens off; ## Don't show the nginx version number, a security best practice[0m
    [37m [0m
    [37m   ## Increase this if you want to upload large attachments[0m
    [37m@@ -60,7 +60,7 @@[0m
    [37m   error_log   /var/log/gitlab/nginx/gitlab_error.log;[0m
    [37m [0m
    [37m   if ($http_host = "") {[0m
    [37m-    set $http_host_with_default "gitlab";[0m
    [37m+    set $http_host_with_default "10.82.145.245";[0m
    [37m   }[0m
    [37m [0m
    [37m   if ($http_host != "") {[0m
[0m  * template[/var/opt/gitlab/nginx/conf/gitlab-smartcard-http.conf] action delete (up to date)
  * template[/var/opt/gitlab/nginx/conf/gitlab-health.conf] action create (up to date)
  * template[/var/opt/gitlab/nginx/conf/gitlab-pages.conf] action delete (up to date)
  * template[/var/opt/gitlab/nginx/conf/gitlab-registry.conf] action delete (up to date)
  * template[/var/opt/gitlab/nginx/conf/gitlab-mattermost-http.conf] action delete (up to date)
  * template[/var/opt/gitlab/nginx/conf/nginx-status.conf] action create (up to date)
  * consul_service[nginx] action delete
    * file[/var/opt/gitlab/consul/config.d/nginx-service.json] action delete (up to date)
     (up to date)
  * template[/var/opt/gitlab/nginx/conf/nginx.conf] action create (up to date)
Recipe: nginx::enable[0m
  * service[nginx] action nothing (skipped due to action :nothing)
  * runit_service[nginx] action enable
    * ruby_block[restart_service] action nothing (skipped due to action :nothing)
    * ruby_block[restart_log_service] action nothing (skipped due to action :nothing)
    * ruby_block[reload_log_service] action nothing (skipped due to action :nothing)
    * directory[/opt/gitlab/sv/nginx] action create (up to date)
    * template[/opt/gitlab/sv/nginx/run] action create (up to date)
    * directory[/opt/gitlab/sv/nginx/log] action create (up to date)
    * directory[/opt/gitlab/sv/nginx/log/main] action create (up to date)
    * template[/opt/gitlab/sv/nginx/log/config] action create (up to date)
    * ruby_block[verify_chown_persisted_on_nginx] action nothing (skipped due to action :nothing)
    * link[/var/log/gitlab/nginx/config] action create (up to date)
    * template[/opt/gitlab/sv/nginx/log/run] action create (up to date)
    * directory[/opt/gitlab/sv/nginx/env] action create (up to date)
    * ruby_block[Delete unmanaged env files for nginx service] action run (skipped due to only_if)
    * template[/opt/gitlab/sv/nginx/check] action create (skipped due to only_if)
    * template[/opt/gitlab/sv/nginx/finish] action create (skipped due to only_if)
    * directory[/opt/gitlab/sv/nginx/control] action create (up to date)
    * link[/opt/gitlab/init/nginx] action create (up to date)
    * file[/opt/gitlab/sv/nginx/down] action nothing (skipped due to action :nothing)
    * directory[/opt/gitlab/service] action create (up to date)
    * link[/opt/gitlab/service/nginx] action create (up to date)
    * ruby_block[wait for nginx service socket] action run (skipped due to not_if)
     (up to date)
  * execute[reload nginx] action nothing (skipped due to action :nothing)
Recipe: gitlab::remote-syslog_disable[0m
  * service[remote-syslog] action nothing (skipped due to action :nothing)
  * runit_service[remote-syslog] action disable
    * ruby_block[disable remote-syslog] action run (skipped due to only_if)
     (up to date)
Recipe: gitlab::storage-check_disable[0m
  * service[storage-check] action nothing (skipped due to action :nothing)
  * runit_service[storage-check] action disable
    * ruby_block[disable storage-check] action run (skipped due to only_if)
     (up to date)
Recipe: gitlab::actioncable_disable[0m
  * service[actioncable] action nothing (skipped due to action :nothing)
  * runit_service[actioncable] action disable
    * ruby_block[disable actioncable] action run (skipped due to only_if)
     (up to date)
  * consul_service[actioncable] action delete
    * file[/var/opt/gitlab/consul/config.d/actioncable-service.json] action delete (up to date)
     (up to date)
Recipe: logrotate::enable[0m
  * service[logrotate] action nothing (skipped due to action :nothing)
  * runit_service[logrotate] action enable
    * ruby_block[restart_service] action nothing (skipped due to action :nothing)
    * ruby_block[restart_log_service] action nothing (skipped due to action :nothing)
    * ruby_block[reload_log_service] action nothing (skipped due to action :nothing)
    * directory[/opt/gitlab/sv/logrotate] action create (up to date)
    * template[/opt/gitlab/sv/logrotate/run] action create (up to date)
    * directory[/opt/gitlab/sv/logrotate/log] action create (up to date)
    * directory[/opt/gitlab/sv/logrotate/log/main] action create (up to date)
    * template[/opt/gitlab/sv/logrotate/log/config] action create (up to date)
    * ruby_block[verify_chown_persisted_on_logrotate] action nothing (skipped due to action :nothing)
    * link[/var/log/gitlab/logrotate/config] action create (up to date)
    * template[/opt/gitlab/sv/logrotate/log/run] action create (up to date)
    * directory[/opt/gitlab/sv/logrotate/env] action create (up to date)
    * ruby_block[Delete unmanaged env files for logrotate service] action run (skipped due to only_if)
    * template[/opt/gitlab/sv/logrotate/check] action create (skipped due to only_if)
    * template[/opt/gitlab/sv/logrotate/finish] action create (skipped due to only_if)
    * directory[/opt/gitlab/sv/logrotate/control] action create (up to date)
    * template[/opt/gitlab/sv/logrotate/control/t] action create (up to date)
    * link[/opt/gitlab/init/logrotate] action create (up to date)
    * file[/opt/gitlab/sv/logrotate/down] action nothing (skipped due to action :nothing)
    * directory[/opt/gitlab/service] action create (up to date)
    * link[/opt/gitlab/service/logrotate] action create (up to date)
    * ruby_block[wait for logrotate service socket] action run (skipped due to not_if)
     (up to date)
Recipe: gitlab-pages::disable[0m
  * service[gitlab-pages] action nothing (skipped due to action :nothing)
  * runit_service[gitlab-pages] action disable
    * ruby_block[disable gitlab-pages] action run (skipped due to only_if)
     (up to date)
Recipe: registry::disable[0m
  * service[registry] action nothing (skipped due to action :nothing)
  * runit_service[registry] action disable
    * ruby_block[disable registry] action run (skipped due to only_if)
     (up to date)
Recipe: mattermost::disable[0m
  * service[mattermost] action nothing (skipped due to action :nothing)
  * runit_service[mattermost] action disable
    * ruby_block[disable mattermost] action run (skipped due to only_if)
     (up to date)
Recipe: gitlab::gitlab-healthcheck[0m
  * template[/opt/gitlab/etc/gitlab-healthcheck-rc] action create (up to date)
Recipe: monitoring::node-exporter_disable[0m
  * service[node-exporter] action nothing (skipped due to action :nothing)
  * runit_service[node-exporter] action disable
    * ruby_block[disable node-exporter] action run (skipped due to only_if)
     (up to date)
  * consul_service[node-exporter] action delete
    * file[/var/opt/gitlab/consul/config.d/node-exporter-service.json] action delete (up to date)
     (up to date)
Recipe: monitoring::gitlab-exporter[0m
  * directory[/var/opt/gitlab/gitlab-exporter] action create (up to date)
  * directory[/var/log/gitlab/gitlab-exporter] action create (up to date)
  * env_dir[/opt/gitlab/etc/gitlab-exporter/env] action create
    * directory[/opt/gitlab/etc/gitlab-exporter/env] action create (up to date)
    * file[/opt/gitlab/etc/gitlab-exporter/env/LD_PRELOAD] action create (up to date)
    * file[/opt/gitlab/etc/gitlab-exporter/env/MALLOC_CONF] action create (up to date)
    * file[/opt/gitlab/etc/gitlab-exporter/env/RUBY_GC_HEAP_INIT_SLOTS] action create (up to date)
    * file[/opt/gitlab/etc/gitlab-exporter/env/RUBY_GC_HEAP_FREE_SLOTS_MIN_RATIO] action create (up to date)
    * file[/opt/gitlab/etc/gitlab-exporter/env/RUBY_GC_HEAP_FREE_SLOTS_MAX_RATIO] action create (up to date)
     (up to date)
  * template[/var/opt/gitlab/gitlab-exporter/gitlab-exporter.yml] action create (up to date)
  * version_file[Create version file for GitLab-Exporter] action create
    * file[/var/opt/gitlab/gitlab-exporter/RUBY_VERSION] action create (up to date)
     (up to date)
  * service[gitlab-exporter] action nothing (skipped due to action :nothing)
  * runit_service[gitlab-exporter] action enable
    * ruby_block[restart_service] action nothing (skipped due to action :nothing)
    * ruby_block[restart_log_service] action nothing (skipped due to action :nothing)
    * ruby_block[reload_log_service] action nothing (skipped due to action :nothing)
    * directory[/opt/gitlab/sv/gitlab-exporter] action create (up to date)
    * template[/opt/gitlab/sv/gitlab-exporter/run] action create (up to date)
    * directory[/opt/gitlab/sv/gitlab-exporter/log] action create (up to date)
    * directory[/opt/gitlab/sv/gitlab-exporter/log/main] action create (up to date)
    * template[/opt/gitlab/sv/gitlab-exporter/log/config] action create (up to date)
    * ruby_block[verify_chown_persisted_on_gitlab-exporter] action nothing (skipped due to action :nothing)
    * link[/var/log/gitlab/gitlab-exporter/config] action create (up to date)
    * template[/opt/gitlab/sv/gitlab-exporter/log/run] action create (up to date)
    * directory[/opt/gitlab/sv/gitlab-exporter/env] action create (up to date)
    * ruby_block[Delete unmanaged env files for gitlab-exporter service] action run (skipped due to only_if)
    * template[/opt/gitlab/sv/gitlab-exporter/check] action create (skipped due to only_if)
    * template[/opt/gitlab/sv/gitlab-exporter/finish] action create (skipped due to only_if)
    * directory[/opt/gitlab/sv/gitlab-exporter/control] action create (up to date)
    * link[/opt/gitlab/init/gitlab-exporter] action create (up to date)
    * file[/opt/gitlab/sv/gitlab-exporter/down] action nothing (skipped due to action :nothing)
    * directory[/opt/gitlab/service] action create (up to date)
    * link[/opt/gitlab/service/gitlab-exporter] action create (up to date)
    * ruby_block[wait for gitlab-exporter service socket] action run (skipped due to not_if)
     (up to date)
Recipe: monitoring::redis-exporter[0m
  * directory[/var/log/gitlab/redis-exporter] action create (up to date)
  * directory[/opt/gitlab/etc/redis-exporter/env] action create (up to date)
  * env_dir[/opt/gitlab/etc/redis-exporter/env] action create
    * directory[/opt/gitlab/etc/redis-exporter/env] action create (up to date)
    * file[/opt/gitlab/etc/redis-exporter/env/SSL_CERT_DIR] action create (up to date)
     (up to date)
  * service[redis-exporter] action nothing (skipped due to action :nothing)
  * runit_service[redis-exporter] action enable
    * ruby_block[restart_service] action nothing (skipped due to action :nothing)
    * ruby_block[restart_log_service] action nothing (skipped due to action :nothing)
    * ruby_block[reload_log_service] action nothing (skipped due to action :nothing)
    * directory[/opt/gitlab/sv/redis-exporter] action create (up to date)
    * template[/opt/gitlab/sv/redis-exporter/run] action create (up to date)
    * directory[/opt/gitlab/sv/redis-exporter/log] action create (up to date)
    * directory[/opt/gitlab/sv/redis-exporter/log/main] action create (up to date)
    * template[/opt/gitlab/sv/redis-exporter/log/config] action create (up to date)
    * ruby_block[verify_chown_persisted_on_redis-exporter] action nothing (skipped due to action :nothing)
    * link[/var/log/gitlab/redis-exporter/config] action create (up to date)
    * template[/opt/gitlab/sv/redis-exporter/log/run] action create (up to date)
    * directory[/opt/gitlab/sv/redis-exporter/env] action create (up to date)
    * ruby_block[Delete unmanaged env files for redis-exporter service] action run (skipped due to only_if)
    * template[/opt/gitlab/sv/redis-exporter/check] action create (skipped due to only_if)
    * template[/opt/gitlab/sv/redis-exporter/finish] action create (skipped due to only_if)
    * directory[/opt/gitlab/sv/redis-exporter/control] action create (up to date)
    * link[/opt/gitlab/init/redis-exporter] action create (up to date)
    * file[/opt/gitlab/sv/redis-exporter/down] action nothing (skipped due to action :nothing)
    * directory[/opt/gitlab/service] action create (up to date)
    * link[/opt/gitlab/service/redis-exporter] action create (up to date)
    * ruby_block[wait for redis-exporter service socket] action run (skipped due to not_if)
     (up to date)
  * consul_service[redis-exporter] action delete
    * file[/var/opt/gitlab/consul/config.d/redis-exporter-service.json] action delete (up to date)
     (up to date)
Recipe: monitoring::user[0m
  * account[Prometheus user and group] action create (up to date)
Recipe: monitoring::prometheus[0m
  * directory[/var/opt/gitlab/prometheus] action create (up to date)
  * directory[/var/opt/gitlab/prometheus/rules] action create (up to date)
  * directory[/var/log/gitlab/prometheus] action create (up to date)
  * directory[/opt/gitlab/etc/prometheus/env] action create (up to date)
  * env_dir[/opt/gitlab/etc/prometheus/env] action create
    * directory[/opt/gitlab/etc/prometheus/env] action create (up to date)
    * file[/opt/gitlab/etc/prometheus/env/SSL_CERT_DIR] action create (up to date)
     (up to date)
  * execute[reload prometheus] action nothing (skipped due to action :nothing)
  * file[Prometheus config] action create (up to date)
  * service[prometheus] action nothing (skipped due to action :nothing)
  * runit_service[prometheus] action enable
    * ruby_block[restart_service] action nothing (skipped due to action :nothing)
    * ruby_block[restart_log_service] action nothing (skipped due to action :nothing)
    * ruby_block[reload_log_service] action nothing (skipped due to action :nothing)
    * directory[/opt/gitlab/sv/prometheus] action create (up to date)
    * template[/opt/gitlab/sv/prometheus/run] action create (up to date)
    * directory[/opt/gitlab/sv/prometheus/log] action create (up to date)
    * directory[/opt/gitlab/sv/prometheus/log/main] action create (up to date)
    * template[/opt/gitlab/sv/prometheus/log/config] action create (up to date)
    * ruby_block[verify_chown_persisted_on_prometheus] action nothing (skipped due to action :nothing)
    * link[/var/log/gitlab/prometheus/config] action create (up to date)
    * template[/opt/gitlab/sv/prometheus/log/run] action create (up to date)
    * directory[/opt/gitlab/sv/prometheus/env] action create (up to date)
    * ruby_block[Delete unmanaged env files for prometheus service] action run (skipped due to only_if)
    * template[/opt/gitlab/sv/prometheus/check] action create (skipped due to only_if)
    * template[/opt/gitlab/sv/prometheus/finish] action create (skipped due to only_if)
    * directory[/opt/gitlab/sv/prometheus/control] action create (up to date)
    * link[/opt/gitlab/init/prometheus] action create (up to date)
    * file[/opt/gitlab/sv/prometheus/down] action nothing (skipped due to action :nothing)
    * directory[/opt/gitlab/service] action create (up to date)
    * link[/opt/gitlab/service/prometheus] action create (up to date)
    * ruby_block[wait for prometheus service socket] action run (skipped due to not_if)
     (up to date)
  * consul_service[prometheus] action delete
    * file[/var/opt/gitlab/consul/config.d/prometheus-service.json] action delete (up to date)
     (up to date)
  * template[/var/opt/gitlab/prometheus/rules/gitlab.rules] action create (up to date)
  * template[/var/opt/gitlab/prometheus/rules/node.rules] action create (up to date)
Recipe: monitoring::alertmanager[0m
  * directory[/var/opt/gitlab/alertmanager] action create (up to date)
  * directory[/var/log/gitlab/alertmanager] action create (up to date)
  * directory[/opt/gitlab/etc/alertmanager/env] action create (up to date)
  * env_dir[/opt/gitlab/etc/alertmanager/env] action create
    * directory[/opt/gitlab/etc/alertmanager/env] action create (up to date)
    * file[/opt/gitlab/etc/alertmanager/env/SSL_CERT_DIR] action create (up to date)
     (up to date)
  * file[Alertmanager config] action create (up to date)
  * service[alertmanager] action nothing (skipped due to action :nothing)
  * runit_service[alertmanager] action enable
    * ruby_block[restart_service] action nothing (skipped due to action :nothing)
    * ruby_block[restart_log_service] action nothing (skipped due to action :nothing)
    * ruby_block[reload_log_service] action nothing (skipped due to action :nothing)
    * directory[/opt/gitlab/sv/alertmanager] action create (up to date)
    * template[/opt/gitlab/sv/alertmanager/run] action create (up to date)
    * directory[/opt/gitlab/sv/alertmanager/log] action create (up to date)
    * directory[/opt/gitlab/sv/alertmanager/log/main] action create (up to date)
    * template[/opt/gitlab/sv/alertmanager/log/config] action create (up to date)
    * ruby_block[verify_chown_persisted_on_alertmanager] action nothing (skipped due to action :nothing)
    * link[/var/log/gitlab/alertmanager/config] action create (up to date)
    * template[/opt/gitlab/sv/alertmanager/log/run] action create (up to date)
    * directory[/opt/gitlab/sv/alertmanager/env] action create (up to date)
    * ruby_block[Delete unmanaged env files for alertmanager service] action run (skipped due to only_if)
    * template[/opt/gitlab/sv/alertmanager/check] action create (skipped due to only_if)
    * template[/opt/gitlab/sv/alertmanager/finish] action create (skipped due to only_if)
    * directory[/opt/gitlab/sv/alertmanager/control] action create (up to date)
    * link[/opt/gitlab/init/alertmanager] action create (up to date)
    * file[/opt/gitlab/sv/alertmanager/down] action nothing (skipped due to action :nothing)
    * directory[/opt/gitlab/service] action create (up to date)
    * link[/opt/gitlab/service/alertmanager] action create (up to date)
    * ruby_block[wait for alertmanager service socket] action run (skipped due to not_if)
     (up to date)
Recipe: monitoring::postgres-exporter[0m
  * directory[/var/log/gitlab/postgres-exporter] action create (up to date)
  * directory[/var/opt/gitlab/postgres-exporter] action create (up to date)
  * env_dir[/opt/gitlab/etc/postgres-exporter/env] action create
    * directory[/opt/gitlab/etc/postgres-exporter/env] action create (up to date)
    * file[/opt/gitlab/etc/postgres-exporter/env/SSL_CERT_DIR] action create (up to date)
    * file[/opt/gitlab/etc/postgres-exporter/env/DATA_SOURCE_NAME] action create (up to date)
     (up to date)
  * service[postgres-exporter] action nothing (skipped due to action :nothing)
  * runit_service[postgres-exporter] action enable
    * ruby_block[restart_service] action nothing (skipped due to action :nothing)
    * ruby_block[restart_log_service] action nothing (skipped due to action :nothing)
    * ruby_block[reload_log_service] action nothing (skipped due to action :nothing)
    * directory[/opt/gitlab/sv/postgres-exporter] action create (up to date)
    * template[/opt/gitlab/sv/postgres-exporter/run] action create (up to date)
    * directory[/opt/gitlab/sv/postgres-exporter/log] action create (up to date)
    * directory[/opt/gitlab/sv/postgres-exporter/log/main] action create (up to date)
    * template[/opt/gitlab/sv/postgres-exporter/log/config] action create (up to date)
    * ruby_block[verify_chown_persisted_on_postgres-exporter] action nothing (skipped due to action :nothing)
    * link[/var/log/gitlab/postgres-exporter/config] action create (up to date)
    * template[/opt/gitlab/sv/postgres-exporter/log/run] action create (up to date)
    * directory[/opt/gitlab/sv/postgres-exporter/env] action create (up to date)
    * ruby_block[Delete unmanaged env files for postgres-exporter service] action run (skipped due to only_if)
    * template[/opt/gitlab/sv/postgres-exporter/check] action create (skipped due to only_if)
    * template[/opt/gitlab/sv/postgres-exporter/finish] action create (skipped due to only_if)
    * directory[/opt/gitlab/sv/postgres-exporter/control] action create (up to date)
    * link[/opt/gitlab/init/postgres-exporter] action create (up to date)
    * file[/opt/gitlab/sv/postgres-exporter/down] action nothing (skipped due to action :nothing)
    * directory[/opt/gitlab/service] action create (up to date)
    * link[/opt/gitlab/service/postgres-exporter] action create (up to date)
    * ruby_block[wait for postgres-exporter service socket] action run (skipped due to not_if)
     (up to date)
  * template[/var/opt/gitlab/postgres-exporter/queries.yaml] action create (up to date)
  * consul_service[postgres-exporter] action delete
    * file[/var/opt/gitlab/consul/config.d/postgres-exporter-service.json] action delete (up to date)
     (up to date)
Recipe: monitoring::grafana[0m
  * directory[/var/log/gitlab/grafana] action create (up to date)
  * directory[/var/opt/gitlab/grafana] action create (up to date)
  * directory[/var/opt/gitlab/grafana/provisioning] action create (up to date)
  * directory[/var/opt/gitlab/grafana/provisioning/dashboards] action create (up to date)
  * directory[/var/opt/gitlab/grafana/provisioning/datasources] action create (up to date)
  * directory[/var/opt/gitlab/grafana/provisioning/notifiers] action create (up to date)
  * file[/var/opt/gitlab/grafana/CVE_reset_status] action delete (up to date)
  * link[/var/opt/gitlab/grafana/conf] action create (up to date)
  * link[/var/opt/gitlab/grafana/public] action create (up to date)
  * directory[/opt/gitlab/etc/grafana/env] action create (up to date)
  * ruby_block[populate Grafana configuration options] action run
    [32m- execute the ruby block populate Grafana configuration options[0m
[0m  * env_dir[/opt/gitlab/etc/grafana/env] action create
    * directory[/opt/gitlab/etc/grafana/env] action create (up to date)
    * file[/opt/gitlab/etc/grafana/env/SSL_CERT_DIR] action create (up to date)
     (up to date)
  * template[/var/opt/gitlab/grafana/grafana.ini] action create
    [32m- update content in file /var/opt/gitlab/grafana/grafana.ini from 7f34b2 to c6e08b[0m
    [37m--- /var/opt/gitlab/grafana/grafana.ini	2023-09-13 18:42:28.440000000 +0000[0m
    [37m+++ /var/opt/gitlab/grafana/.chef-grafana20230913-1289-1jry2on.ini	2023-09-13 18:43:23.700000000 +0000[0m
    [37m@@ -46,7 +46,7 @@[0m
    [37m [0m
    [37m # The full public facing url you use in browser, used for redirects and emails[0m
    [37m # If you use reverse proxy and sub path specify full url (with sub path)[0m
    [37m-root_url = http://gitlab/-/grafana[0m
    [37m+root_url = http://10.82.145.245/-/grafana[0m
    [37m [0m
    [37m # Serve Grafana from subpath specified in `root_url` setting. By default it is set to `false` for compatibility reasons.[0m
    [37m serve_from_sub_path = true[0m
    [37m@@ -250,9 +250,9 @@[0m
    [37m client_id = 2d1e1ed2601831730435ecfd33cc769f7ec12638336098f15b5c6ca42a379c29[0m
    [37m client_secret = f3bf7aeaf6085edc3431e86ce76553b30dd1c356f1ec17864161f8e82aa060c4[0m
    [37m scopes = read_user[0m
    [37m-auth_url = http://gitlab/oauth/authorize[0m
    [37m-token_url = http://gitlab/oauth/token[0m
    [37m-api_url = http://gitlab/api/v4[0m
    [37m+auth_url = http://10.82.145.245/oauth/authorize[0m
    [37m+token_url = http://10.82.145.245/oauth/token[0m
    [37m+api_url = http://10.82.145.245/api/v4[0m
    [37m allowed_groups = [0m
    [37m [0m
    [37m #################################### Auth Proxy ##########################[0m
[0m  * file[/var/opt/gitlab/grafana/provisioning/dashboards/gitlab_dashboards.yml] action create (up to date)
  * file[/var/opt/gitlab/grafana/provisioning/datasources/gitlab_datasources.yml] action create (up to date)
  * service[grafana] action nothing (skipped due to action :nothing)
  * runit_service[grafana] action enable
    * ruby_block[restart_service] action nothing (skipped due to action :nothing)
    * ruby_block[restart_log_service] action nothing (skipped due to action :nothing)
    * ruby_block[reload_log_service] action nothing (skipped due to action :nothing)
    * directory[/opt/gitlab/sv/grafana] action create (up to date)
    * template[/opt/gitlab/sv/grafana/run] action create (up to date)
    * directory[/opt/gitlab/sv/grafana/log] action create (up to date)
    * directory[/opt/gitlab/sv/grafana/log/main] action create (up to date)
    * template[/opt/gitlab/sv/grafana/log/config] action create (up to date)
    * ruby_block[verify_chown_persisted_on_grafana] action nothing (skipped due to action :nothing)
    * link[/var/log/gitlab/grafana/config] action create (up to date)
    * template[/opt/gitlab/sv/grafana/log/run] action create (up to date)
    * directory[/opt/gitlab/sv/grafana/env] action create (up to date)
    * ruby_block[Delete unmanaged env files for grafana service] action run (skipped due to only_if)
    * template[/opt/gitlab/sv/grafana/check] action create (skipped due to only_if)
    * template[/opt/gitlab/sv/grafana/finish] action create (skipped due to only_if)
    * directory[/opt/gitlab/sv/grafana/control] action create (up to date)
    * link[/opt/gitlab/init/grafana] action create (up to date)
    * file[/opt/gitlab/sv/grafana/down] action nothing (skipped due to action :nothing)
    * directory[/opt/gitlab/service] action create (up to date)
    * link[/opt/gitlab/service/grafana] action create (up to date)
    * ruby_block[wait for grafana service socket] action run (skipped due to not_if)
     (up to date)
Recipe: letsencrypt::disable[0m
  * crond_job[letsencrypt-renew] action delete
    * file[/var/opt/gitlab/crond/letsencrypt-renew] action delete (up to date)
     (up to date)
Recipe: gitlab::database_reindexing_disable[0m
  * crond_job[database-reindexing] action delete
    * file[/var/opt/gitlab/crond/database-reindexing] action delete (up to date)
     (up to date)
Recipe: gitlab::puma[0m
  * runit_service[puma] action restart (up to date)
  * runit_service[puma] action restart (up to date)
Recipe: gitlab::sidekiq-cluster[0m
  * sidekiq_service[sidekiq] action restart
  Recipe: <Dynamically Defined Resource>[0m
    * service[sidekiq] action nothing (skipped due to action :nothing)
    * runit_service[sidekiq] action restart (up to date)
     (up to date)
Recipe: gitlab::gitlab-rails[0m
  * execute[clear the gitlab-rails cache] action run
    [32m- execute /opt/gitlab/bin/gitlab-rake cache:clear[0m
[0mRecipe: nginx::enable[0m
  * runit_service[nginx] action restart (up to date)
Recipe: monitoring::grafana[0m
  * runit_service[grafana] action restart (up to date)
[0m
Running handlers:[0m
Running handlers complete
[0mChef Infra Client finished, 7/760 resources updated in 02 minutes 06 seconds[0m
gitlab Reconfigured!
Runtime platform                                  [0;m  arch[0;m=amd64 os[0;m=linux pid[0;m=19 revision[0;m=54944146 version[0;m=13.10.0
Running in system-mode.                           [0;m 
                                                  [0;m 
Registering runner... succeeded                   [0;m  runner[0;m=sandboxr
Runner registered successfully. Feel free to start it, but if it's running already the config should be automatically reloaded![0;m 
